Using pre-set license
Built from '2020.3/release' branch; Version is '2020.3.1f1 (77a89f25062f) revision 7841951'; Using compiler version '192528614'; Build Type 'Release'
OS: 'Windows 10 Home; OS build 19042.985; Version 2009; 64bit' Language: 'en' Physical Memory: 16331 MB
BatchMode: 1, IsHumanControllingUs: 0, StartBugReporterOnCrash: 0, Is64bit: 1, IsPro: 0

 COMMAND LINE ARGUMENTS:
C:\Program Files\Unity\Hub\Editor\2019.4.13f1\Editor\2020.3.1f1\Editor\Unity.exe
-adb2
-batchMode
-noUpm
-name
AssetImportWorker0
-projectPath
D:/Meus Documentos/My Stuff/ULP/2º Ano/2º Semestre/IA/MLAgents
-logFile
Logs/AssetImportWorker0.log
-srvPort
52603
Successfully changed project path to: D:/Meus Documentos/My Stuff/ULP/2º Ano/2º Semestre/IA/MLAgents
D:/Meus Documentos/My Stuff/ULP/2º Ano/2º Semestre/IA/MLAgents
Using Asset Import Pipeline V2.
Refreshing native plugins compatible for Editor in 39.94 ms, found 1 plugins.
Preloading 0 native plugins for Editor in 0.00 ms.
Initialize engine version: 2020.3.1f1 (77a89f25062f)
[Subsystems] Discovering subsystems at path C:/Program Files/Unity/Hub/Editor/2019.4.13f1/Editor/2020.3.1f1/Editor/Data/Resources/UnitySubsystems
[Subsystems] Discovering subsystems at path D:/Meus Documentos/My Stuff/ULP/2º Ano/2º Semestre/IA/MLAgents/Assets
GfxDevice: creating device client; threaded=0
Direct3D:
    Version:  Direct3D 11.0 [level 11.1]
    Renderer: NVIDIA GeForce RTX 2070 SUPER (ID=0x1e84)
    Vendor:   
    VRAM:     8011 MB
    Driver:   27.21.14.6611
Initialize mono
Mono path[0] = 'C:/Program Files/Unity/Hub/Editor/2019.4.13f1/Editor/2020.3.1f1/Editor/Data/Managed'
Mono path[1] = 'C:/Program Files/Unity/Hub/Editor/2019.4.13f1/Editor/2020.3.1f1/Editor/Data/MonoBleedingEdge/lib/mono/unityjit'
Mono config path = 'C:/Program Files/Unity/Hub/Editor/2019.4.13f1/Editor/2020.3.1f1/Editor/Data/MonoBleedingEdge/etc'
Using monoOptions --debugger-agent=transport=dt_socket,embedding=1,server=y,suspend=n,address=127.0.0.1:56544
Begin MonoManager ReloadAssembly
Registering precompiled unity dll's ...
Register platform support module: C:/Program Files/Unity/Hub/Editor/2019.4.13f1/Editor/2020.3.1f1/Editor/Data/PlaybackEngines/MacStandaloneSupport/UnityEditor.OSXStandalone.Extensions.dll
Register platform support module: C:/Program Files/Unity/Hub/Editor/2019.4.13f1/Editor/2020.3.1f1/Editor/Data/PlaybackEngines/WindowsStandaloneSupport/UnityEditor.WindowsStandalone.Extensions.dll
Registered in 0.003093 seconds.
Native extension for WindowsStandalone target not found
Native extension for OSXStandalone target not found
Refreshing native plugins compatible for Editor in 33.53 ms, found 1 plugins.
Preloading 0 native plugins for Editor in 0.00 ms.
Invoked RoslynAnalysisRunner static constructor.
RoslynAnalysisRunner will not be running.
RoslynAnalysisRunner has terminated.
Mono: successfully reloaded assembly
- Completed reload, in  1.316 seconds
Platform modules already initialized, skipping
Registering precompiled user dll's ...
Registered in 0.004496 seconds.
Begin MonoManager ReloadAssembly
Native extension for WindowsStandalone target not found
Native extension for OSXStandalone target not found
Refreshing native plugins compatible for Editor in 35.46 ms, found 1 plugins.
Preloading 0 native plugins for Editor in 0.00 ms.
Invoked RoslynAnalysisRunner static constructor.
RoslynAnalysisRunner will not be running.
RoslynAnalysisRunner has terminated.
Mono: successfully reloaded assembly
- Completed reload, in  1.728 seconds
Platform modules already initialized, skipping
========================================================================
Worker process is ready to serve import requests
Launched and connected shader compiler UnityShaderCompiler.exe after 0.10 seconds
Refreshing native plugins compatible for Editor in 0.38 ms, found 1 plugins.
Preloading 0 native plugins for Editor in 0.00 ms.
Unloading 1732 Unused Serialized files (Serialized files now loaded: 0)
System memory in use before: 82.8 MB.
System memory in use after: 82.9 MB.

Unloading 23 unused Assets to reduce memory usage. Loaded Objects now: 2163.
Total: 1.941600 ms (FindLiveObjects: 0.186400 ms CreateObjectMapping: 0.042500 ms MarkObjects: 1.655500 ms  DeleteObjects: 0.056200 ms)

========================================================================
Received Import Request.
  path: Assets/Prefabs/Projectile.prefab
  artifactKey: Guid(62ae639878eadf246a09f03bcb0faf90) Importer(815301076,1909f56bfc062723c751e8b465ee728b)
Start importing Assets/Prefabs/Projectile.prefab using Guid(62ae639878eadf246a09f03bcb0faf90) Importer(815301076,1909f56bfc062723c751e8b465ee728b)  -> (artifact id: 'd5ea58d8b6fc32b7872712cc5cc47ef3') in 0.175019 seconds
  Import took 0.192600 seconds .

========================================================================
Received Prepare
Registering precompiled user dll's ...
Registered in 0.004326 seconds.
Begin MonoManager ReloadAssembly
Native extension for WindowsStandalone target not found
Native extension for OSXStandalone target not found
Refreshing native plugins compatible for Editor in 0.52 ms, found 1 plugins.
Preloading 0 native plugins for Editor in 0.00 ms.
Invoked RoslynAnalysisRunner static constructor.
RoslynAnalysisRunner will not be running.
RoslynAnalysisRunner has terminated.
Mono: successfully reloaded assembly
- Completed reload, in  1.074 seconds
Platform modules already initialized, skipping
Refreshing native plugins compatible for Editor in 0.40 ms, found 1 plugins.
Preloading 0 native plugins for Editor in 0.00 ms.
Unloading 1727 Unused Serialized files (Serialized files now loaded: 0)
System memory in use before: 85.9 MB.
System memory in use after: 86.0 MB.

Unloading 19 unused Assets to reduce memory usage. Loaded Objects now: 2175.
Total: 1.908100 ms (FindLiveObjects: 0.201000 ms CreateObjectMapping: 0.041600 ms MarkObjects: 1.643700 ms  DeleteObjects: 0.020800 ms)

========================================================================
Received Import Request.
  Time since last request: 708.641695 seconds.
  path: Assets/Prefabs/Prefab.prefab
  artifactKey: Guid(089571e12f7a37049b90499a1a294b9e) Importer(815301076,1909f56bfc062723c751e8b465ee728b)
Start importing Assets/Prefabs/Prefab.prefab using Guid(089571e12f7a37049b90499a1a294b9e) Importer(815301076,1909f56bfc062723c751e8b465ee728b)  -> (artifact id: '611216f19f70c8cd4beec1e79a4485b4') in 0.072426 seconds
  Import took 0.125493 seconds .

========================================================================
Received Prepare
Registering precompiled user dll's ...
Registered in 0.004276 seconds.
Begin MonoManager ReloadAssembly
Native extension for WindowsStandalone target not found
Native extension for OSXStandalone target not found
Refreshing native plugins compatible for Editor in 0.71 ms, found 1 plugins.
Preloading 0 native plugins for Editor in 0.00 ms.
Invoked RoslynAnalysisRunner static constructor.
RoslynAnalysisRunner will not be running.
RoslynAnalysisRunner has terminated.
Mono: successfully reloaded assembly
- Completed reload, in  1.181 seconds
Platform modules already initialized, skipping
Refreshing native plugins compatible for Editor in 0.40 ms, found 1 plugins.
Preloading 0 native plugins for Editor in 0.00 ms.
Unloading 1727 Unused Serialized files (Serialized files now loaded: 0)
System memory in use before: 86.0 MB.
System memory in use after: 86.1 MB.

Unloading 19 unused Assets to reduce memory usage. Loaded Objects now: 2182.
Total: 2.212700 ms (FindLiveObjects: 0.201000 ms CreateObjectMapping: 0.046500 ms MarkObjects: 1.939000 ms  DeleteObjects: 0.025300 ms)

========================================================================
Received Import Request.
  Time since last request: 61.146422 seconds.
  path: Assets/Prefabs/Prefab.prefab
  artifactKey: Guid(089571e12f7a37049b90499a1a294b9e) Importer(815301076,1909f56bfc062723c751e8b465ee728b)
Start importing Assets/Prefabs/Prefab.prefab using Guid(089571e12f7a37049b90499a1a294b9e) Importer(815301076,1909f56bfc062723c751e8b465ee728b)  -> (artifact id: '7639f5f655059bc0120d548dd79efc75') in 0.079744 seconds
  Import took 0.098586 seconds .

========================================================================
Received Prepare
Registering precompiled user dll's ...
Registered in 0.009817 seconds.
Begin MonoManager ReloadAssembly
Native extension for WindowsStandalone target not found
Native extension for OSXStandalone target not found
Refreshing native plugins compatible for Editor in 0.85 ms, found 1 plugins.
Preloading 0 native plugins for Editor in 0.00 ms.
Invoked RoslynAnalysisRunner static constructor.
RoslynAnalysisRunner will not be running.
RoslynAnalysisRunner has terminated.
Mono: successfully reloaded assembly
- Completed reload, in  1.720 seconds
Platform modules already initialized, skipping
Refreshing native plugins compatible for Editor in 0.38 ms, found 1 plugins.
Preloading 0 native plugins for Editor in 0.00 ms.
Unloading 1727 Unused Serialized files (Serialized files now loaded: 0)
System memory in use before: 86.0 MB.
System memory in use after: 86.1 MB.

Unloading 19 unused Assets to reduce memory usage. Loaded Objects now: 2187.
Total: 5.221300 ms (FindLiveObjects: 0.302800 ms CreateObjectMapping: 0.116300 ms MarkObjects: 4.761600 ms  DeleteObjects: 0.039200 ms)

========================================================================
Received Import Request.
  Time since last request: 174.858674 seconds.
  path: Assets/Prefabs/Projectile.prefab
  artifactKey: Guid(62ae639878eadf246a09f03bcb0faf90) Importer(815301076,1909f56bfc062723c751e8b465ee728b)
Start importing Assets/Prefabs/Projectile.prefab using Guid(62ae639878eadf246a09f03bcb0faf90) Importer(815301076,1909f56bfc062723c751e8b465ee728b)  -> (artifact id: '651784c4e8e43b29e975fad76c697baf') in 0.088094 seconds
  Import took 0.106474 seconds .

========================================================================
Received Import Request.
  Time since last request: 0.055714 seconds.
  path: Assets/Prefabs/Projectile.prefab
  artifactKey: Guid(62ae639878eadf246a09f03bcb0faf90) Importer(815301076,1909f56bfc062723c751e8b465ee728b)
Start importing Assets/Prefabs/Projectile.prefab using Guid(62ae639878eadf246a09f03bcb0faf90) Importer(815301076,1909f56bfc062723c751e8b465ee728b)  -> (artifact id: '651784c4e8e43b29e975fad76c697baf') in 0.007291 seconds
  Import took 0.010057 seconds .

========================================================================
Received Prepare
Registering precompiled user dll's ...
Registered in 0.004323 seconds.
Begin MonoManager ReloadAssembly
Native extension for WindowsStandalone target not found
Native extension for OSXStandalone target not found
Refreshing native plugins compatible for Editor in 0.39 ms, found 1 plugins.
Preloading 0 native plugins for Editor in 0.00 ms.
Invoked RoslynAnalysisRunner static constructor.
RoslynAnalysisRunner will not be running.
RoslynAnalysisRunner has terminated.
Mono: successfully reloaded assembly
- Completed reload, in  1.065 seconds
Platform modules already initialized, skipping
Refreshing native plugins compatible for Editor in 0.39 ms, found 1 plugins.
Preloading 0 native plugins for Editor in 0.00 ms.
Unloading 1727 Unused Serialized files (Serialized files now loaded: 0)
System memory in use before: 86.1 MB.
System memory in use after: 86.2 MB.

Unloading 19 unused Assets to reduce memory usage. Loaded Objects now: 2192.
Total: 2.042300 ms (FindLiveObjects: 0.203200 ms CreateObjectMapping: 0.047400 ms MarkObjects: 1.767400 ms  DeleteObjects: 0.023200 ms)

========================================================================
Received Import Request.
  Time since last request: 57.592297 seconds.
  path: Assets/Scripts/DodgeTarget.cs
  artifactKey: Guid(15192e093c5c3c044ad6cb97035e7723) Importer(815301076,1909f56bfc062723c751e8b465ee728b)
Start importing Assets/Scripts/DodgeTarget.cs using Guid(15192e093c5c3c044ad6cb97035e7723) Importer(815301076,1909f56bfc062723c751e8b465ee728b)  -> (artifact id: '5fa61f7115dc1b71010d46546c337c31') in 0.015609 seconds
  Import took 0.030833 seconds .

========================================================================
Received Import Request.
  Time since last request: 87.447994 seconds.
  path: Assets/Scripts/Projectile.cs
  artifactKey: Guid(59eb6070de1413349b5e0584143e6d8d) Importer(815301076,1909f56bfc062723c751e8b465ee728b)
Start importing Assets/Scripts/Projectile.cs using Guid(59eb6070de1413349b5e0584143e6d8d) Importer(815301076,1909f56bfc062723c751e8b465ee728b)  -> (artifact id: '99b239a14e738d10e7fc48ac4ad50336') in 0.002267 seconds
  Import took 0.005045 seconds .

========================================================================
Received Prepare
Registering precompiled user dll's ...
Registered in 0.004672 seconds.
Begin MonoManager ReloadAssembly
Native extension for WindowsStandalone target not found
Native extension for OSXStandalone target not found
Refreshing native plugins compatible for Editor in 0.40 ms, found 1 plugins.
Preloading 0 native plugins for Editor in 0.00 ms.
Invoked RoslynAnalysisRunner static constructor.
RoslynAnalysisRunner will not be running.
RoslynAnalysisRunner has terminated.
Mono: successfully reloaded assembly
- Completed reload, in  1.067 seconds
Platform modules already initialized, skipping
Refreshing native plugins compatible for Editor in 0.50 ms, found 1 plugins.
Preloading 0 native plugins for Editor in 0.00 ms.
Unloading 1727 Unused Serialized files (Serialized files now loaded: 0)
System memory in use before: 86.1 MB.
System memory in use after: 86.2 MB.

Unloading 18 unused Assets to reduce memory usage. Loaded Objects now: 2196.
Total: 2.290200 ms (FindLiveObjects: 0.259000 ms CreateObjectMapping: 0.054400 ms MarkObjects: 1.951500 ms  DeleteObjects: 0.024100 ms)

========================================================================
Received Import Request.
  Time since last request: 60.023784 seconds.
  path: Assets/Prefabs/Projectile.prefab
  artifactKey: Guid(62ae639878eadf246a09f03bcb0faf90) Importer(815301076,1909f56bfc062723c751e8b465ee728b)
Start importing Assets/Prefabs/Projectile.prefab using Guid(62ae639878eadf246a09f03bcb0faf90) Importer(815301076,1909f56bfc062723c751e8b465ee728b)  -> (artifact id: '522f5508c6a66a6fb9ca596f053eefbc') in 0.056449 seconds
  Import took 0.059289 seconds .

========================================================================
Received Import Request.
  Time since last request: 5.295459 seconds.
  path: Assets/Prefabs/Projectile.prefab
  artifactKey: Guid(62ae639878eadf246a09f03bcb0faf90) Importer(815301076,1909f56bfc062723c751e8b465ee728b)
Start importing Assets/Prefabs/Projectile.prefab using Guid(62ae639878eadf246a09f03bcb0faf90) Importer(815301076,1909f56bfc062723c751e8b465ee728b)  -> (artifact id: 'ed01c1e9c02091200ed998f07c117f19') in 0.012119 seconds
  Import took 0.015490 seconds .

========================================================================
Received Prepare
Registering precompiled user dll's ...
Registered in 0.004435 seconds.
Begin MonoManager ReloadAssembly
Native extension for WindowsStandalone target not found
Native extension for OSXStandalone target not found
Refreshing native plugins compatible for Editor in 0.39 ms, found 1 plugins.
Preloading 0 native plugins for Editor in 0.00 ms.
Invoked RoslynAnalysisRunner static constructor.
RoslynAnalysisRunner will not be running.
RoslynAnalysisRunner has terminated.
Mono: successfully reloaded assembly
- Completed reload, in  1.106 seconds
Platform modules already initialized, skipping
Refreshing native plugins compatible for Editor in 0.41 ms, found 1 plugins.
Preloading 0 native plugins for Editor in 0.00 ms.
Unloading 1727 Unused Serialized files (Serialized files now loaded: 0)
System memory in use before: 86.1 MB.
System memory in use after: 86.2 MB.

Unloading 19 unused Assets to reduce memory usage. Loaded Objects now: 2201.
Total: 2.007200 ms (FindLiveObjects: 0.270900 ms CreateObjectMapping: 0.053200 ms MarkObjects: 1.659300 ms  DeleteObjects: 0.022600 ms)

========================================================================
Received Import Request.
  Time since last request: 106.550622 seconds.
  path: Assets/Prefabs/Projectile.prefab
  artifactKey: Guid(62ae639878eadf246a09f03bcb0faf90) Importer(815301076,1909f56bfc062723c751e8b465ee728b)
Start importing Assets/Prefabs/Projectile.prefab using Guid(62ae639878eadf246a09f03bcb0faf90) Importer(815301076,1909f56bfc062723c751e8b465ee728b)  -> (artifact id: '52460da2e14c0934b1797fef1f02b9a4') in 0.071883 seconds
  Import took 0.074822 seconds .

========================================================================
Received Import Request.
  Time since last request: 71.888719 seconds.
  path: Assets/Prefabs/Projectile.prefab
  artifactKey: Guid(62ae639878eadf246a09f03bcb0faf90) Importer(815301076,1909f56bfc062723c751e8b465ee728b)
Start importing Assets/Prefabs/Projectile.prefab using Guid(62ae639878eadf246a09f03bcb0faf90) Importer(815301076,1909f56bfc062723c751e8b465ee728b)  -> (artifact id: 'a3fc1bc5690fa347a4bd488dd914b7e2') in 0.017018 seconds
  Import took 0.020344 seconds .

========================================================================
Received Import Request.
  Time since last request: 85.763047 seconds.
  path: Assets/Prefabs/Prefab.prefab
  artifactKey: Guid(089571e12f7a37049b90499a1a294b9e) Importer(815301076,1909f56bfc062723c751e8b465ee728b)
Start importing Assets/Prefabs/Prefab.prefab using Guid(089571e12f7a37049b90499a1a294b9e) Importer(815301076,1909f56bfc062723c751e8b465ee728b)  -> (artifact id: '9c306a358fe93385021b3d0bb99081cd') in 0.023136 seconds
  Import took 0.046557 seconds .

========================================================================
Received Import Request.
  Time since last request: 94.120816 seconds.
  path: Assets/Prefabs/Prefab.prefab
  artifactKey: Guid(089571e12f7a37049b90499a1a294b9e) Importer(815301076,1909f56bfc062723c751e8b465ee728b)
Start importing Assets/Prefabs/Prefab.prefab using Guid(089571e12f7a37049b90499a1a294b9e) Importer(815301076,1909f56bfc062723c751e8b465ee728b)  -> (artifact id: '7d14bd20ee529a04d751c2e8290b1bae') in 0.019975 seconds
  Import took 0.023726 seconds .

========================================================================
Received Import Request.
  Time since last request: 0.000454 seconds.
  path: Assets/Prefabs/Prefab.prefab
  artifactKey: Guid(089571e12f7a37049b90499a1a294b9e) Importer(815301076,1909f56bfc062723c751e8b465ee728b)
Start importing Assets/Prefabs/Prefab.prefab using Guid(089571e12f7a37049b90499a1a294b9e) Importer(815301076,1909f56bfc062723c751e8b465ee728b)  -> (artifact id: '7d14bd20ee529a04d751c2e8290b1bae') in 0.024223 seconds
  Import took 0.026922 seconds .

========================================================================
Received Prepare
Registering precompiled user dll's ...
Registered in 0.006325 seconds.
Begin MonoManager ReloadAssembly
Native extension for WindowsStandalone target not found
Native extension for OSXStandalone target not found
Refreshing native plugins compatible for Editor in 0.39 ms, found 1 plugins.
Preloading 0 native plugins for Editor in 0.00 ms.
Invoked RoslynAnalysisRunner static constructor.
RoslynAnalysisRunner will not be running.
RoslynAnalysisRunner has terminated.
Mono: successfully reloaded assembly
- Completed reload, in  1.205 seconds
Platform modules already initialized, skipping
Refreshing native plugins compatible for Editor in 0.41 ms, found 1 plugins.
Preloading 0 native plugins for Editor in 0.00 ms.
Unloading 1727 Unused Serialized files (Serialized files now loaded: 0)
System memory in use before: 86.1 MB.
System memory in use after: 86.2 MB.

Unloading 19 unused Assets to reduce memory usage. Loaded Objects now: 2206.
Total: 2.119200 ms (FindLiveObjects: 0.222700 ms CreateObjectMapping: 0.047600 ms MarkObjects: 1.823900 ms  DeleteObjects: 0.023800 ms)

========================================================================
Received Import Request.
  Time since last request: 1504.685826 seconds.
  path: Assets/DodgeBehavior-500015.onnx
  artifactKey: Guid(009e871e3cf11e64086999e79aca9ed9) Importer(815301076,1909f56bfc062723c751e8b465ee728b)
Start importing Assets/DodgeBehavior-500015.onnx using Guid(009e871e3cf11e64086999e79aca9ed9) Importer(815301076,1909f56bfc062723c751e8b465ee728b)  -> (artifact id: '35e0918d285cb13b041bd2c1b805bc6d') in 0.060771 seconds
  Import took 0.073051 seconds .

========================================================================
Received Prepare
Registering precompiled user dll's ...
Registered in 0.004309 seconds.
Begin MonoManager ReloadAssembly
Native extension for WindowsStandalone target not found
Native extension for OSXStandalone target not found
Refreshing native plugins compatible for Editor in 0.39 ms, found 1 plugins.
Preloading 0 native plugins for Editor in 0.00 ms.
Invoked RoslynAnalysisRunner static constructor.
RoslynAnalysisRunner will not be running.
RoslynAnalysisRunner has terminated.
Mono: successfully reloaded assembly
- Completed reload, in  1.062 seconds
Platform modules already initialized, skipping
Refreshing native plugins compatible for Editor in 0.42 ms, found 1 plugins.
Preloading 0 native plugins for Editor in 0.00 ms.
Unloading 1727 Unused Serialized files (Serialized files now loaded: 0)
System memory in use before: 86.2 MB.
System memory in use after: 86.3 MB.

Unloading 18 unused Assets to reduce memory usage. Loaded Objects now: 2210.
Total: 1.923300 ms (FindLiveObjects: 0.187300 ms CreateObjectMapping: 0.041000 ms MarkObjects: 1.677000 ms  DeleteObjects: 0.017200 ms)

AssetImportWorkerClient::OnTransportError - code=2 error=End of file
